<?xml version="1.0" encoding="UTF-8"?>
<!-- Generated by org.testng.reporters.JUnitReportReporter -->
<testsuite skipped="0" hostname="ip-172-31-18-198" name="testcases.LoginTest" tests="3" failures="0" timestamp="03 Jun 2023 05:07:42 GMT" time="18.520" errors="0">
  <testcase name="test2" time="5.365" classname="testcases.LoginTest"/>
  <testcase name="test1" time="6.624" classname="testcases.LoginTest"/>
  <testcase name="test4" time="6.531" classname="testcases.LoginTest"/>
</testsuite> <!-- testcases.LoginTest -->
