<?xml version="1.0" encoding="UTF-8"?>
<!-- Generated by org.testng.reporters.JUnitReportReporter -->
<testsuite skipped="0" hostname="ip-172-31-18-198" name="testcases.LoginTest" tests="3" failures="0" timestamp="03 Jun 2023 05:13:00 GMT" time="17.557" errors="0">
  <testcase name="test4" time="5.461" classname="testcases.LoginTest"/>
  <testcase name="test1" time="6.616" classname="testcases.LoginTest"/>
  <testcase name="test2" time="5.480" classname="testcases.LoginTest"/>
</testsuite> <!-- testcases.LoginTest -->
